<?xml version="1.0" encoding="UTF-8"?>
<!-- Generated by org.testng.reporters.JUnitReportReporter -->
<testsuite skipped="0" hostname="Sai" name="demo.Scenario" tests="1" failures="0" timestamp="2020-06-02T11:55:13 IST" time="8.658" errors="0">
  <testcase name="order_details" time="8.658" classname="demo.Scenario"/>
  <system-out/>
</testsuite> <!-- demo.Scenario -->
